app/build/intermediates/manifest_merge_blame_file/debug/manifest-merger-blame-debug-report.txt
1<?xml version="1.0" encoding="utf-8"?>
2<manifest xmlns:android="http://schemas.android.com/apk/res/android"
3    package="com.i2donate"
4    android:versionCode="33"
5    android:versionName="1.0.33" >
6
7    <uses-sdk
8        android:minSdkVersion="21"
9        android:targetSdkVersion="34" />
10
11    <supports-screens
11-->src/main/AndroidManifest.xml:6:5-11:40
12        android:anyDensity="true"
12-->src/main/AndroidManifest.xml:7:9-34
13        android:largeScreens="true"
13-->src/main/AndroidManifest.xml:8:9-36
14        android:normalScreens="true"
14-->src/main/AndroidManifest.xml:9:9-37
15        android:smallScreens="true"
15-->src/main/AndroidManifest.xml:10:9-36
16        android:xlargeScreens="true" />
16-->src/main/AndroidManifest.xml:11:9-37
17
18    <uses-permission android:name="com.google.android.c2dm.permission.RECEIVE" />
18-->src/main/AndroidManifest.xml:13:5-82
18-->src/main/AndroidManifest.xml:13:22-79
19    <uses-permission android:name="android.permission.WAKE_LOCK" />
19-->src/main/AndroidManifest.xml:14:5-68
19-->src/main/AndroidManifest.xml:14:22-65
20
21    <permission
21-->src/main/AndroidManifest.xml:16:5-18:47
22        android:name="com.kuliza.taxi.permission.MAPS_RECEIVE"
22-->src/main/AndroidManifest.xml:17:9-63
23        android:protectionLevel="signature" />
23-->src/main/AndroidManifest.xml:18:9-44
24
25    <uses-permission android:name="android.permission.READ_PHONE_STATE" />
25-->src/main/AndroidManifest.xml:20:5-75
25-->src/main/AndroidManifest.xml:20:22-72
26    <uses-permission android:name="com.google.android.providers.gsf.permission.READ_GSERVICES" />
26-->src/main/AndroidManifest.xml:21:5-98
26-->src/main/AndroidManifest.xml:21:22-95
27    <uses-permission android:name="android.permission.ACCESS_COARSE_LOCATION" />
27-->src/main/AndroidManifest.xml:22:5-81
27-->src/main/AndroidManifest.xml:22:22-78
28    <uses-permission android:name="android.permission.ACCESS_FINE_LOCATION" />
28-->src/main/AndroidManifest.xml:23:5-79
28-->src/main/AndroidManifest.xml:23:22-76
29    <uses-permission android:name="android.permission.INTERNET" />
29-->src/main/AndroidManifest.xml:24:5-67
29-->src/main/AndroidManifest.xml:24:22-64
30    <uses-permission android:name="android.permission.ACCESS_NETWORK_STATE" />
30-->src/main/AndroidManifest.xml:25:5-79
30-->src/main/AndroidManifest.xml:25:22-76
31    <uses-permission android:name="android.permission.ACCESS_WIFI_STATE" />
31-->src/main/AndroidManifest.xml:26:5-76
31-->src/main/AndroidManifest.xml:26:22-73
32    <uses-permission android:name="android.permission.CHANGE_WIFI_STATE" />
32-->src/main/AndroidManifest.xml:27:5-76
32-->src/main/AndroidManifest.xml:27:22-73
33    <uses-permission android:name="android.permission.RECORD_VIDEO" />
33-->src/main/AndroidManifest.xml:28:5-71
33-->src/main/AndroidManifest.xml:28:22-68
34    <uses-permission android:name="android.permission.RECORD_AUDIO" />
34-->src/main/AndroidManifest.xml:29:5-71
34-->src/main/AndroidManifest.xml:29:22-68
35    <uses-permission android:name="android.permission.CAMERA" />
35-->src/main/AndroidManifest.xml:30:5-65
35-->src/main/AndroidManifest.xml:30:22-62
36    <uses-permission android:name="android.permission.CALL_PHONE" />
36-->src/main/AndroidManifest.xml:31:5-69
36-->src/main/AndroidManifest.xml:31:22-66
37    <uses-permission android:name="android.permission.READ_EXTERNAL_STORAGE" />
37-->src/main/AndroidManifest.xml:32:5-80
37-->src/main/AndroidManifest.xml:32:22-77
38    <uses-permission android:name="android.permission.WRITE_EXTERNAL_STORAGE" />
38-->src/main/AndroidManifest.xml:33:5-81
38-->src/main/AndroidManifest.xml:33:22-78
39    <uses-permission android:name="android.permission.READ_PHONE_STATE" />
39-->src/main/AndroidManifest.xml:20:5-75
39-->src/main/AndroidManifest.xml:20:22-72
40
41    <uses-feature
41-->src/main/AndroidManifest.xml:39:5-41:35
42        android:name="android.hardware.camera.any"
42-->src/main/AndroidManifest.xml:40:9-51
43        android:required="true" />
43-->src/main/AndroidManifest.xml:41:9-32
44    <uses-feature
44-->src/main/AndroidManifest.xml:42:5-44:36
45        android:name="android.hardware.camera.autofocus"
45-->src/main/AndroidManifest.xml:43:9-57
46        android:required="false" />
46-->src/main/AndroidManifest.xml:44:9-33
47
48    <queries>
48-->[com.facebook.android:facebook-common:16.3.0] AndroidManifest.xml:17:5-19:15
49        <package android:name="com.facebook.katana" />
49-->[com.facebook.android:facebook-common:16.3.0] AndroidManifest.xml:18:9-55
49-->[com.facebook.android:facebook-common:16.3.0] AndroidManifest.xml:18:18-52
50        <package android:name="com.venmo" />
50-->[com.braintreepayments.api:braintree-core:4.27.0] AndroidManifest.xml:15:9-45
50-->[com.braintreepayments.api:braintree-core:4.27.0] AndroidManifest.xml:15:18-42
51        <package android:name="com.paypal.android.p2pmobile" />
51-->[com.braintreepayments.api:braintree-core:4.27.0] AndroidManifest.xml:16:9-64
51-->[com.braintreepayments.api:braintree-core:4.27.0] AndroidManifest.xml:16:18-61
52
53        <intent>
53-->[com.braintreepayments.api:browser-switch:2.3.2] AndroidManifest.xml:10:9-16:18
54            <action android:name="android.intent.action.VIEW" />
54-->src/main/AndroidManifest.xml:83:17-69
54-->src/main/AndroidManifest.xml:83:25-66
55
56            <category android:name="android.intent.category.BROWSABLE" />
56-->src/main/AndroidManifest.xml:86:17-78
56-->src/main/AndroidManifest.xml:86:27-75
57
58            <data android:scheme="https" />
58-->src/main/AndroidManifest.xml:88:23-66
59        </intent>
60        <intent>
60-->[com.braintreepayments.api:browser-switch:2.3.2] AndroidManifest.xml:17:9-19:18
61            <action android:name="android.support.customtabs.action.CustomTabsService" />
61-->[com.braintreepayments.api:browser-switch:2.3.2] AndroidManifest.xml:18:13-90
61-->[com.braintreepayments.api:browser-switch:2.3.2] AndroidManifest.xml:18:21-87
62        </intent> <!-- Needs to be explicitly declared on Android R+ -->
63        <package android:name="com.google.android.apps.maps" />
63-->[com.google.android.gms:play-services-maps:18.1.0] AndroidManifest.xml:33:9-64
63-->[com.google.android.gms:play-services-maps:18.1.0] AndroidManifest.xml:33:18-61
64    </queries>
65
66    <uses-feature
66-->[com.google.android.gms:play-services-maps:18.1.0] AndroidManifest.xml:26:5-28:35
67        android:glEsVersion="0x00020000"
67-->[com.google.android.gms:play-services-maps:18.1.0] AndroidManifest.xml:27:9-41
68        android:required="true" />
68-->[com.google.android.gms:play-services-maps:18.1.0] AndroidManifest.xml:28:9-32
69
70    <uses-permission android:name="com.google.android.finsky.permission.BIND_GET_INSTALL_REFERRER_SERVICE" />
70-->[com.google.android.gms:play-services-measurement:21.1.1] AndroidManifest.xml:26:5-110
70-->[com.google.android.gms:play-services-measurement:21.1.1] AndroidManifest.xml:26:22-107
71    <uses-permission android:name="android.permission.RECEIVE_BOOT_COMPLETED" />
71-->[androidx.work:work-runtime:2.7.0-alpha05] AndroidManifest.xml:27:5-81
71-->[androidx.work:work-runtime:2.7.0-alpha05] AndroidManifest.xml:27:22-78
72    <uses-permission android:name="android.permission.FOREGROUND_SERVICE" />
72-->[androidx.work:work-runtime:2.7.0-alpha05] AndroidManifest.xml:28:5-77
72-->[androidx.work:work-runtime:2.7.0-alpha05] AndroidManifest.xml:28:22-74
73
74    <permission
74-->[androidx.core:core:1.9.0] AndroidManifest.xml:22:5-24:47
75        android:name="com.i2donate.DYNAMIC_RECEIVER_NOT_EXPORTED_PERMISSION"
75-->[androidx.core:core:1.9.0] AndroidManifest.xml:23:9-81
76        android:protectionLevel="signature" />
76-->[androidx.core:core:1.9.0] AndroidManifest.xml:24:9-44
77
78    <uses-permission android:name="com.i2donate.DYNAMIC_RECEIVER_NOT_EXPORTED_PERMISSION" />
78-->[androidx.core:core:1.9.0] AndroidManifest.xml:26:5-97
78-->[androidx.core:core:1.9.0] AndroidManifest.xml:26:22-94
79
80    <application
80-->src/main/AndroidManifest.xml:46:5-262:19
81        android:name="com.i2donate.Interwork.MyApplication"
81-->src/main/AndroidManifest.xml:47:9-48
82        android:allowBackup="true"
82-->src/main/AndroidManifest.xml:48:9-35
83        android:appComponentFactory="androidx.core.app.CoreComponentFactory"
83-->[androidx.core:core:1.9.0] AndroidManifest.xml:28:18-86
84        android:debuggable="true"
85        android:exported="false"
85-->src/main/AndroidManifest.xml:49:9-33
86        android:extractNativeLibs="true"
87        android:fullBackupContent="false"
87-->src/main/AndroidManifest.xml:50:9-42
88        android:grantUriPermissions="true"
88-->src/main/AndroidManifest.xml:51:9-43
89        android:hardwareAccelerated="false"
89-->src/main/AndroidManifest.xml:52:9-44
90        android:icon="@drawable/logo"
90-->src/main/AndroidManifest.xml:53:9-38
91        android:label="@string/app_name"
91-->src/main/AndroidManifest.xml:54:9-41
92        android:largeHeap="true"
92-->src/main/AndroidManifest.xml:55:9-33
93        android:requestLegacyExternalStorage="true"
93-->src/main/AndroidManifest.xml:56:9-52
94        android:roundIcon="@mipmap/ic_launcher"
94-->src/main/AndroidManifest.xml:57:9-48
95        android:supportsRtl="true"
95-->src/main/AndroidManifest.xml:58:9-35
96        android:testOnly="true"
97        android:theme="@style/ChatBackground"
97-->src/main/AndroidManifest.xml:59:9-46
98        android:usesCleartextTraffic="true"
98-->src/main/AndroidManifest.xml:60:9-44
99        android:windowSoftInputMode="adjustResize|stateAlwaysHidden" >
99-->src/main/AndroidManifest.xml:61:9-69
100        <activity
100-->src/main/AndroidManifest.xml:63:9-69:20
101            android:name="com.i2donate.Activity.NamePlaceSerachActivity"
101-->src/main/AndroidManifest.xml:64:13-61
102            android:exported="false" >
102-->src/main/AndroidManifest.xml:65:13-37
103            <meta-data
103-->src/main/AndroidManifest.xml:66:13-68:36
104                android:name="android.app.lib_name"
104-->src/main/AndroidManifest.xml:67:17-52
105                android:value="" />
105-->src/main/AndroidManifest.xml:68:17-33
106        </activity>
107        <activity
107-->src/main/AndroidManifest.xml:70:9-76:20
108            android:name="com.i2donate.Activity.TypeSerchActivity"
108-->src/main/AndroidManifest.xml:71:13-55
109            android:exported="false" >
109-->src/main/AndroidManifest.xml:72:13-37
110            <meta-data
110-->src/main/AndroidManifest.xml:66:13-68:36
111                android:name="android.app.lib_name"
111-->src/main/AndroidManifest.xml:67:17-52
112                android:value="" />
112-->src/main/AndroidManifest.xml:68:17-33
113        </activity>
114        <activity android:name="com.i2donate.Activity.PrivactPolicyActivity" />
114-->src/main/AndroidManifest.xml:77:9-68
114-->src/main/AndroidManifest.xml:77:19-65
115        <activity
115-->src/main/AndroidManifest.xml:78:9-90:20
116            android:name="com.braintreepayments.api.BraintreeBrowserSwitchActivity"
116-->src/main/AndroidManifest.xml:79:13-84
117            android:exported="true"
117-->src/main/AndroidManifest.xml:80:13-36
118            android:launchMode="singleTask" >
118-->src/main/AndroidManifest.xml:81:13-44
119            <intent-filter>
119-->src/main/AndroidManifest.xml:82:13-89:29
120                <action android:name="android.intent.action.VIEW" />
120-->src/main/AndroidManifest.xml:83:17-69
120-->src/main/AndroidManifest.xml:83:25-66
121
122                <category android:name="android.intent.category.DEFAULT" />
122-->src/main/AndroidManifest.xml:85:17-76
122-->src/main/AndroidManifest.xml:85:27-73
123                <category android:name="android.intent.category.BROWSABLE" />
123-->src/main/AndroidManifest.xml:86:17-78
123-->src/main/AndroidManifest.xml:86:27-75
124
125                <data android:scheme="com.i2donate.braintree" />
125-->src/main/AndroidManifest.xml:88:23-66
126            </intent-filter>
127        </activity>
128        <activity android:name="com.i2donate.Activity.BrainTreePaymentActivity" />
128-->src/main/AndroidManifest.xml:91:9-71
128-->src/main/AndroidManifest.xml:91:19-68
129        <activity android:name="com.i2donate.Activity.PrivacyPolicyActivity" />
129-->src/main/AndroidManifest.xml:92:9-68
129-->src/main/AndroidManifest.xml:92:19-65
130        <activity android:name="com.i2donate.Activity.TermsAndConditionActivity" />
130-->src/main/AndroidManifest.xml:93:9-72
130-->src/main/AndroidManifest.xml:93:19-69
131        <activity android:name="com.i2donate.Activity.NewtypesActivity" />
131-->src/main/AndroidManifest.xml:94:9-63
131-->src/main/AndroidManifest.xml:94:19-60
132
133        <meta-data
133-->src/main/AndroidManifest.xml:96:9-98:37
134            android:name="firebase_crashlytics_collection_enabled"
134-->src/main/AndroidManifest.xml:97:13-67
135            android:value="false" />
135-->src/main/AndroidManifest.xml:98:13-34
136
137        <!-- <service -->
138        <!-- android:name=".Notification.fcm.MyFirebaseMessagingService" -->
139        <!-- android:exported="false"> -->
140        <!-- <intent-filter> -->
141        <!-- <action android:name="com.google.firebase.MESSAGING_EVENT" /> -->
142        <!-- </intent-filter> -->
143        <!-- </service> -->
144
145
146        <!-- <receiver -->
147        <!-- android:name=".Notification.fcm.OnBootBroadcastReceiver" -->
148        <!-- android:exported="false"> -->
149        <!-- <intent-filter> -->
150        <!-- <action android:name="android.intent.action.BOOT_COMPLETED" /> -->
151        <!-- </intent-filter> -->
152        <!-- </receiver> -->
153
154        <activity android:name="com.i2donate.Activity.ConfirmationActivity" />
154-->src/main/AndroidManifest.xml:116:9-67
154-->src/main/AndroidManifest.xml:116:19-64
155        <activity android:name="com.i2donate.Activity.AnnualRevenueActivity" />
155-->src/main/AndroidManifest.xml:117:9-68
155-->src/main/AndroidManifest.xml:117:19-65
156        <activity android:name="com.i2donate.Activity.TitleSubTitleActivity" />
156-->src/main/AndroidManifest.xml:118:9-68
156-->src/main/AndroidManifest.xml:118:19-65
157        <activity android:name="com.i2donate.Activity.SubCategoryActivity" />
157-->src/main/AndroidManifest.xml:119:9-66
157-->src/main/AndroidManifest.xml:119:19-63
158        <activity android:name="com.i2donate.Activity.AdvanceCompletedActivity" />
158-->src/main/AndroidManifest.xml:120:9-71
158-->src/main/AndroidManifest.xml:120:19-68
159        <activity android:name="com.i2donate.Activity.PaymentSuccessActivity" />
159-->src/main/AndroidManifest.xml:121:9-69
159-->src/main/AndroidManifest.xml:121:19-66
160        <activity android:name="com.i2donate.Activity.SelectPaymentActivity" />
160-->src/main/AndroidManifest.xml:122:9-68
160-->src/main/AndroidManifest.xml:122:19-65
161        <activity android:name="com.i2donate.Activity.ChangePasswordActivity" />
161-->src/main/AndroidManifest.xml:123:9-69
161-->src/main/AndroidManifest.xml:123:19-66
162        <activity
162-->src/main/AndroidManifest.xml:124:9-126:76
163            android:name="com.i2donate.Activity.OtpActivity"
163-->src/main/AndroidManifest.xml:125:13-49
164            android:windowSoftInputMode="adjustResize|stateAlwaysHidden" />
164-->src/main/AndroidManifest.xml:126:13-73
165        <activity android:name="com.i2donate.Activity.ForgotActivity" />
165-->src/main/AndroidManifest.xml:127:9-61
165-->src/main/AndroidManifest.xml:127:19-58
166        <activity android:name="com.i2donate.Activity.AdvanceSearchActivity" />
166-->src/main/AndroidManifest.xml:128:9-68
166-->src/main/AndroidManifest.xml:128:19-65
167        <activity
167-->src/main/AndroidManifest.xml:129:9-131:53
168            android:name="com.i2donate.Activity.AdavanceSearchUIDesign"
168-->src/main/AndroidManifest.xml:130:13-60
169            android:theme="@style/adavance_theme" />
169-->src/main/AndroidManifest.xml:131:13-50
170        <activity android:name="com.i2donate.Activity.AdavanceSearch_new" />
170-->src/main/AndroidManifest.xml:132:9-65
170-->src/main/AndroidManifest.xml:132:19-62
171        <activity android:name="com.i2donate.Activity.HelpSupportActivity" />
171-->src/main/AndroidManifest.xml:133:9-66
171-->src/main/AndroidManifest.xml:133:19-63
172        <activity android:name="com.i2donate.Activity.AboutActivity" />
172-->src/main/AndroidManifest.xml:134:9-60
172-->src/main/AndroidManifest.xml:134:19-57
173        <activity android:name="com.i2donate.Activity.InternationalCharitiesActivity" />
173-->src/main/AndroidManifest.xml:135:9-77
173-->src/main/AndroidManifest.xml:135:19-74
174        <activity android:name="com.i2donate.Activity.PlaceSearchActivity" />
174-->src/main/AndroidManifest.xml:136:9-66
174-->src/main/AndroidManifest.xml:136:19-63
175        <activity android:name="com.i2donate.Activity.AutosearchActivity" />
175-->src/main/AndroidManifest.xml:137:9-65
175-->src/main/AndroidManifest.xml:137:19-62
176        <!--
177             The API key for Google Maps-based APIs is defined as a string resource.
178             (See the file "res/values/google_maps_api.xml").
179             Note that the API key is linked to the encryption key used to sign the APK.
180             You need a different API key for each encryption key, including the release key that is used to
181             sign the APK for publishing.
182             You can define the keys for the debug and release targets in src/debug/ and src/release/.
183        -->
184        <!--
185   <meta-data
186            android:name="com.google.android.geo.API_KEY"
187            android:value="AIzaSyDwyL_q0Z9StsO0xYL_7qR7_ZIeW85I110" />
188        -->
189        <activity android:name="com.i2donate.Activity.UpdateActivity" />
189-->src/main/AndroidManifest.xml:151:9-61
189-->src/main/AndroidManifest.xml:151:19-58
190        <activity android:name="com.i2donate.Activity.AdvanceSearch1Activity" />
190-->src/main/AndroidManifest.xml:152:9-69
190-->src/main/AndroidManifest.xml:152:19-66
191        <activity
191-->src/main/AndroidManifest.xml:153:9-162:20
192            android:name="com.i2donate.Activity.WelcomeActivity"
192-->src/main/AndroidManifest.xml:154:13-53
193            android:exported="true"
193-->src/main/AndroidManifest.xml:155:13-36
194            android:theme="@style/inter_splash_screen" >
194-->src/main/AndroidManifest.xml:156:13-55
195            <intent-filter>
195-->src/main/AndroidManifest.xml:157:13-161:29
196                <action android:name="android.intent.action.MAIN" />
196-->src/main/AndroidManifest.xml:158:17-69
196-->src/main/AndroidManifest.xml:158:25-66
197
198                <category android:name="android.intent.category.LAUNCHER" />
198-->src/main/AndroidManifest.xml:160:17-77
198-->src/main/AndroidManifest.xml:160:27-74
199            </intent-filter>
200        </activity>
201        <activity
201-->src/main/AndroidManifest.xml:163:9-165:76
202            android:name="com.i2donate.Activity.UnitedStateDetailsActivity"
202-->src/main/AndroidManifest.xml:164:13-64
203            android:windowSoftInputMode="adjustResize|stateAlwaysHidden" />
203-->src/main/AndroidManifest.xml:165:13-73
204        <activity
204-->src/main/AndroidManifest.xml:166:9-168:48
205            android:name="com.i2donate.Activity.SettingActivity"
205-->src/main/AndroidManifest.xml:167:13-53
206            android:theme="@style/AppTheme1" />
206-->src/main/AndroidManifest.xml:168:13-45
207        <activity android:name="com.i2donate.Activity.NotificationActivity" />
207-->src/main/AndroidManifest.xml:169:9-67
207-->src/main/AndroidManifest.xml:169:19-64
208        <activity android:name="com.i2donate.Activity.FollowingActivity" />
208-->src/main/AndroidManifest.xml:170:9-64
208-->src/main/AndroidManifest.xml:170:19-61
209        <activity android:name="com.i2donate.Activity.TypesActivity" />
209-->src/main/AndroidManifest.xml:171:9-60
209-->src/main/AndroidManifest.xml:171:19-57
210        <activity
210-->src/main/AndroidManifest.xml:172:9-175:76
211            android:name="com.i2donate.Activity.NameSearchActivity"
211-->src/main/AndroidManifest.xml:173:13-56
212            android:theme="@style/ChatBackground"
212-->src/main/AndroidManifest.xml:174:13-50
213            android:windowSoftInputMode="adjustResize|stateAlwaysHidden" />
213-->src/main/AndroidManifest.xml:175:13-73
214        <activity
214-->src/main/AndroidManifest.xml:176:9-178:67
215            android:name="com.i2donate.Activity.UnitedStateActivity"
215-->src/main/AndroidManifest.xml:177:13-57
216            android:windowSoftInputMode="adjustPan|stateHidden" />
216-->src/main/AndroidManifest.xml:178:13-64
217        <activity
217-->src/main/AndroidManifest.xml:179:9-182:76
218            android:name="com.i2donate.CommonActivity.CommonBackActivity"
218-->src/main/AndroidManifest.xml:180:13-62
219            android:theme="@style/ChatBackground"
219-->src/main/AndroidManifest.xml:181:13-50
220            android:windowSoftInputMode="adjustResize|stateAlwaysHidden" />
220-->src/main/AndroidManifest.xml:182:13-73
221        <activity android:name="com.i2donate.Activity.RegisterActivity" />
221-->src/main/AndroidManifest.xml:183:9-63
221-->src/main/AndroidManifest.xml:183:19-60
222        <activity
222-->src/main/AndroidManifest.xml:184:9-187:48
223            android:name="com.facebook.FacebookActivity"
223-->src/main/AndroidManifest.xml:185:13-57
224            android:configChanges="keyboard|keyboardHidden|screenLayout|screenSize|orientation"
224-->src/main/AndroidManifest.xml:186:13-96
225            android:label="@string/app_name"
225-->src/main/AndroidManifest.xml:187:13-45
226            android:theme="@style/com_facebook_activity_theme" />
226-->[com.facebook.android:facebook-common:16.3.0] AndroidManifest.xml:25:13-63
227        <activity
227-->src/main/AndroidManifest.xml:188:9-199:20
228            android:name="com.facebook.CustomTabActivity"
228-->src/main/AndroidManifest.xml:189:13-58
229            android:exported="true" >
229-->src/main/AndroidManifest.xml:190:13-36
230            <intent-filter>
230-->src/main/AndroidManifest.xml:191:13-198:29
231                <action android:name="android.intent.action.VIEW" />
231-->src/main/AndroidManifest.xml:83:17-69
231-->src/main/AndroidManifest.xml:83:25-66
232
233                <category android:name="android.intent.category.DEFAULT" />
233-->src/main/AndroidManifest.xml:85:17-76
233-->src/main/AndroidManifest.xml:85:27-73
234                <category android:name="android.intent.category.BROWSABLE" />
234-->src/main/AndroidManifest.xml:86:17-78
234-->src/main/AndroidManifest.xml:86:27-75
235
236                <data android:scheme="@string/fb_login_protocol_scheme" />
236-->src/main/AndroidManifest.xml:88:23-66
237            </intent-filter>
238            <intent-filter>
238-->[com.facebook.android:facebook-common:16.3.0] AndroidManifest.xml:31:13-40:29
239                <action android:name="android.intent.action.VIEW" />
239-->src/main/AndroidManifest.xml:83:17-69
239-->src/main/AndroidManifest.xml:83:25-66
240
241                <category android:name="android.intent.category.DEFAULT" />
241-->src/main/AndroidManifest.xml:85:17-76
241-->src/main/AndroidManifest.xml:85:27-73
242                <category android:name="android.intent.category.BROWSABLE" />
242-->src/main/AndroidManifest.xml:86:17-78
242-->src/main/AndroidManifest.xml:86:27-75
243
244                <data
245                    android:host="cct.com.i2donate"
246                    android:scheme="fbconnect" />
246-->src/main/AndroidManifest.xml:88:23-66
247            </intent-filter>
248        </activity> <!-- facebooklogin -->
249        <activity
249-->src/main/AndroidManifest.xml:200:9-203:76
250            android:name="com.i2donate.Activity.LoginActivity"
250-->src/main/AndroidManifest.xml:201:13-51
251            android:theme="@style/ChatBackground"
251-->src/main/AndroidManifest.xml:202:13-50
252            android:windowSoftInputMode="adjustResize|stateAlwaysHidden" />
252-->src/main/AndroidManifest.xml:203:13-73
253        <activity
253-->src/main/AndroidManifest.xml:204:9-215:20
254            android:name="com.i2donate.Activity.SplashScreenActivity"
254-->src/main/AndroidManifest.xml:205:13-58
255            android:exported="true"
255-->src/main/AndroidManifest.xml:206:13-36
256            android:theme="@style/inter_splash_screen" >
256-->src/main/AndroidManifest.xml:207:13-55
257
258            <!-- <intent-filter> -->
259            <!-- <action android:name="android.intent.action.MAIN" /> -->
260
261
262            <!-- <category android:name="android.intent.category.LAUNCHER" /> -->
263            <!-- </intent-filter> -->
264        </activity>
265        <activity android:name="com.i2donate.Activity.MyspaceActivity" />
265-->src/main/AndroidManifest.xml:216:9-62
265-->src/main/AndroidManifest.xml:216:19-59
266        <activity android:name="com.i2donate.CommonActivity.CommonMenuActivity" />
266-->src/main/AndroidManifest.xml:217:9-71
266-->src/main/AndroidManifest.xml:217:19-68
267        <activity
267-->src/main/AndroidManifest.xml:218:9-220:58
268            android:name="com.i2donate.Activity.BrowseActivity"
268-->src/main/AndroidManifest.xml:219:13-52
269            android:windowSoftInputMode="adjustResize" />
269-->src/main/AndroidManifest.xml:220:13-55
270
271        <meta-data
271-->src/main/AndroidManifest.xml:222:9-224:71
272            android:name="com.google.android.geo.API_KEY"
272-->src/main/AndroidManifest.xml:223:13-58
273            android:value="AIzaSyDfOZf_bITlewuOVvnVICvjQ70VdFHmR2Q" />
273-->src/main/AndroidManifest.xml:224:13-68
274        <meta-data
274-->src/main/AndroidManifest.xml:225:9-227:69
275            android:name="com.google.android.gms.version"
275-->src/main/AndroidManifest.xml:226:13-58
276            android:value="@integer/google_play_services_version" /> <!-- <meta-data -->
276-->src/main/AndroidManifest.xml:227:13-66
277        <!-- android:name="com.facebook.sdk.ApplicationId" -->
278        <!-- android:value="@string/facebook_app_id" /> -->
279        <meta-data
279-->src/main/AndroidManifest.xml:230:9-232:55
280            android:name="com.facebook.sdk.ApplicationId"
280-->src/main/AndroidManifest.xml:231:13-58
281            android:value="@string/facebook_app_id" />
281-->src/main/AndroidManifest.xml:232:13-52
282        <meta-data
282-->src/main/AndroidManifest.xml:233:9-235:61
283            android:name="com.facebook.sdk.ClientToken"
283-->src/main/AndroidManifest.xml:234:13-56
284            android:value="@string/facebook_client_token" />
284-->src/main/AndroidManifest.xml:235:13-58
285
286        <receiver
286-->src/main/AndroidManifest.xml:237:9-244:20
287            android:name="com.i2donate.Interwork.ConnectivityReceiver"
287-->src/main/AndroidManifest.xml:238:13-59
288            android:enabled="true"
288-->src/main/AndroidManifest.xml:239:13-35
289            android:exported="false" >
289-->src/main/AndroidManifest.xml:240:13-37
290            <intent-filter>
290-->src/main/AndroidManifest.xml:241:13-243:29
291                <action android:name="android.net.conn.CONNECTIVITY_CHANGE" />
291-->src/main/AndroidManifest.xml:242:17-79
291-->src/main/AndroidManifest.xml:242:25-76
292            </intent-filter>
293        </receiver>
294
295        <meta-data
295-->src/main/AndroidManifest.xml:246:9-248:57
296            android:name="com.google.firebase.messaging.default_notification_icon"
296-->src/main/AndroidManifest.xml:247:13-83
297            android:resource="@drawable/idonate_logo" />
297-->src/main/AndroidManifest.xml:248:13-54
298        <!--
299 Set color used with incoming notification messages. This is used when no color is set for the incoming
300             notification message. See README(https://goo.gl/6BKBk7) for more.
301        -->
302        <meta-data
302-->src/main/AndroidManifest.xml:253:9-255:53
303            android:name="com.google.firebase.messaging.default_notification_color"
303-->src/main/AndroidManifest.xml:254:13-84
304            android:resource="@color/colorAccent" />
304-->src/main/AndroidManifest.xml:255:13-50
305        <meta-data
305-->src/main/AndroidManifest.xml:256:9-258:37
306            android:name="firebase_messaging_auto_init_enabled"
306-->src/main/AndroidManifest.xml:257:13-64
307            android:value="false" />
307-->src/main/AndroidManifest.xml:258:13-34
308        <meta-data
308-->src/main/AndroidManifest.xml:259:9-261:37
309            android:name="firebase_analytics_collection_enabled"
309-->src/main/AndroidManifest.xml:260:13-65
310            android:value="false" />
310-->src/main/AndroidManifest.xml:261:13-34
311
312        <activity
312-->[com.karumi:dexter:6.2.3] AndroidManifest.xml:27:9-29:72
313            android:name="com.karumi.dexter.DexterActivity"
313-->[com.karumi:dexter:6.2.3] AndroidManifest.xml:28:13-60
314            android:theme="@style/Dexter.Internal.Theme.Transparent" />
314-->[com.karumi:dexter:6.2.3] AndroidManifest.xml:29:13-69
315        <activity
315-->[com.braintreepayments.api:drop-in:6.9.0] AndroidManifest.xml:16:9-29:20
316            android:name="com.braintreepayments.api.DropInActivity"
316-->[com.braintreepayments.api:drop-in:6.9.0] AndroidManifest.xml:17:13-68
317            android:exported="true"
317-->[com.braintreepayments.api:drop-in:6.9.0] AndroidManifest.xml:18:13-36
318            android:launchMode="singleTask"
318-->[com.braintreepayments.api:drop-in:6.9.0] AndroidManifest.xml:19:13-44
319            android:theme="@style/bt_drop_in_activity_theme" >
319-->[com.braintreepayments.api:drop-in:6.9.0] AndroidManifest.xml:20:13-61
320            <intent-filter>
320-->src/main/AndroidManifest.xml:82:13-89:29
321                <action android:name="android.intent.action.VIEW" />
321-->src/main/AndroidManifest.xml:83:17-69
321-->src/main/AndroidManifest.xml:83:25-66
322